[1m============================= test session starts ==============================[0m
platform linux -- Python 3.12.3, pytest-9.0.1, pluggy-1.6.0 -- /home/chris/data_lineage/venv/bin/python3
cachedir: .pytest_cache
rootdir: /home/chris/data_lineage
configfile: pytest.ini
plugins: cov-7.0.0, anyio-4.11.0
[1mcollecting ... [0mcollected 46 items / 10 errors

==================================== ERRORS ====================================
[31m[1m_________________ ERROR collecting tests/api/test_main_api.py __________________[0m
[1m[31mvenv/lib/python3.12/site-packages/starlette/testclient.py[0m:33: in <module>
    [0m[94mimport[39;49;00m[90m [39;49;00m[04m[96mhttpx[39;49;00m[90m[39;49;00m
[1m[31mE   ModuleNotFoundError: No module named 'httpx'[0m

[33mDuring handling of the above exception, another exception occurred:[0m
[1m[31mtests/api/test_main_api.py[0m:12: in <module>
    [0m[94mfrom[39;49;00m[90m [39;49;00m[04m[96mfastapi[39;49;00m[04m[96m.[39;49;00m[04m[96mtestclient[39;49;00m[90m [39;49;00m[94mimport[39;49;00m TestClient[90m[39;49;00m
[1m[31mvenv/lib/python3.12/site-packages/fastapi/testclient.py[0m:1: in <module>
    [0m[94mfrom[39;49;00m[90m [39;49;00m[04m[96mstarlette[39;49;00m[04m[96m.[39;49;00m[04m[96mtestclient[39;49;00m[90m [39;49;00m[94mimport[39;49;00m TestClient [94mas[39;49;00m TestClient  [90m# noqa[39;49;00m[90m[39;49;00m
    ^^^^^^^^^^^^^^^^^^^^^^^^^^^^^^^^^^^^^^^^^^^^^^^^^^^^^^^^^[90m[39;49;00m
[1m[31mvenv/lib/python3.12/site-packages/starlette/testclient.py[0m:35: in <module>
    [0m[94mraise[39;49;00m [96mRuntimeError[39;49;00m([90m[39;49;00m
[1m[31mE   RuntimeError: The starlette.testclient module requires the httpx package to be installed.[0m
[1m[31mE   You can install this with:[0m
[1m[31mE       $ pip install httpx[0m
[31m[1m________ ERROR collecting tests/integration/test_database_validation.py ________[0m
[31mImportError while importing test module '/home/chris/data_lineage/tests/integration/test_database_validation.py'.
Hint: make sure your test modules/packages have valid Python names.
Traceback:
venv/lib/python3.12/site-packages/_pytest/python.py:507: in importtestmodule
    mod = import_path(
venv/lib/python3.12/site-packages/_pytest/pathlib.py:587: in import_path
    importlib.import_module(module_name)
/usr/lib/python3.12/importlib/__init__.py:90: in import_module
    return _bootstrap._gcd_import(name[level:], package, level)
           ^^^^^^^^^^^^^^^^^^^^^^^^^^^^^^^^^^^^^^^^^^^^^^^^^^^^
<frozen importlib._bootstrap>:1387: in _gcd_import
    ???
<frozen importlib._bootstrap>:1360: in _find_and_load
    ???
<frozen importlib._bootstrap>:1331: in _find_and_load_unlocked
    ???
<frozen importlib._bootstrap>:935: in _load_unlocked
    ???
venv/lib/python3.12/site-packages/_pytest/assertion/rewrite.py:197: in exec_module
    exec(co, module.__dict__)
tests/integration/test_database_validation.py:10: in <module>
    from tests.integration.conftest import assert_success_rate_100_percent, assert_confidence_distribution_valid
E   ModuleNotFoundError: No module named 'tests'[0m
[31m[1m___________ ERROR collecting tests/integration/test_postgres_mock.py ___________[0m
[31mImportError while importing test module '/home/chris/data_lineage/tests/integration/test_postgres_mock.py'.
Hint: make sure your test modules/packages have valid Python names.
Traceback:
venv/lib/python3.12/site-packages/_pytest/python.py:507: in importtestmodule
    mod = import_path(
venv/lib/python3.12/site-packages/_pytest/pathlib.py:587: in import_path
    importlib.import_module(module_name)
/usr/lib/python3.12/importlib/__init__.py:90: in import_module
    return _bootstrap._gcd_import(name[level:], package, level)
           ^^^^^^^^^^^^^^^^^^^^^^^^^^^^^^^^^^^^^^^^^^^^^^^^^^^^
<frozen importlib._bootstrap>:1387: in _gcd_import
    ???
<frozen importlib._bootstrap>:1360: in _find_and_load
    ???
<frozen importlib._bootstrap>:1331: in _find_and_load_unlocked
    ???
<frozen importlib._bootstrap>:935: in _load_unlocked
    ???
venv/lib/python3.12/site-packages/_pytest/assertion/rewrite.py:197: in exec_module
    exec(co, module.__dict__)
tests/integration/test_postgres_mock.py:14: in <module>
    from lineage_v3.config.dialect_config import SQLDialect
E   ModuleNotFoundError: No module named 'lineage_v3'[0m
[31m[1m________ ERROR collecting tests/integration/test_sp_parsing_details.py _________[0m
[31mImportError while importing test module '/home/chris/data_lineage/tests/integration/test_sp_parsing_details.py'.
Hint: make sure your test modules/packages have valid Python names.
Traceback:
venv/lib/python3.12/site-packages/_pytest/python.py:507: in importtestmodule
    mod = import_path(
venv/lib/python3.12/site-packages/_pytest/pathlib.py:587: in import_path
    importlib.import_module(module_name)
/usr/lib/python3.12/importlib/__init__.py:90: in import_module
    return _bootstrap._gcd_import(name[level:], package, level)
           ^^^^^^^^^^^^^^^^^^^^^^^^^^^^^^^^^^^^^^^^^^^^^^^^^^^^
<frozen importlib._bootstrap>:1387: in _gcd_import
    ???
<frozen importlib._bootstrap>:1360: in _find_and_load
    ???
<frozen importlib._bootstrap>:1331: in _find_and_load_unlocked
    ???
<frozen importlib._bootstrap>:935: in _load_unlocked
    ???
venv/lib/python3.12/site-packages/_pytest/assertion/rewrite.py:197: in exec_module
    exec(co, module.__dict__)
tests/integration/test_sp_parsing_details.py:10: in <module>
    from tests.integration.conftest import assert_confidence_threshold
E   ModuleNotFoundError: No module named 'tests'[0m
[31m[1m________ ERROR collecting tests/integration/test_synapse_integration.py ________[0m
[31mImportError while importing test module '/home/chris/data_lineage/tests/integration/test_synapse_integration.py'.
Hint: make sure your test modules/packages have valid Python names.
Traceback:
venv/lib/python3.12/site-packages/_pytest/python.py:507: in importtestmodule
    mod = import_path(
venv/lib/python3.12/site-packages/_pytest/pathlib.py:587: in import_path
    importlib.import_module(module_name)
/usr/lib/python3.12/importlib/__init__.py:90: in import_module
    return _bootstrap._gcd_import(name[level:], package, level)
           ^^^^^^^^^^^^^^^^^^^^^^^^^^^^^^^^^^^^^^^^^^^^^^^^^^^^
<frozen importlib._bootstrap>:1387: in _gcd_import
    ???
<frozen importlib._bootstrap>:1360: in _find_and_load
    ???
<frozen importlib._bootstrap>:1331: in _find_and_load_unlocked
    ???
<frozen importlib._bootstrap>:935: in _load_unlocked
    ???
venv/lib/python3.12/site-packages/_pytest/assertion/rewrite.py:197: in exec_module
    exec(co, module.__dict__)
tests/integration/test_synapse_integration.py:16: in <module>
    from lineage_v3.config.dialect_config import SQLDialect
E   ModuleNotFoundError: No module named 'lineage_v3'[0m
[31m[1m__________ ERROR collecting tests/unit/config/test_dialect_config.py ___________[0m
[31mImportError while importing test module '/home/chris/data_lineage/tests/unit/config/test_dialect_config.py'.
Hint: make sure your test modules/packages have valid Python names.
Traceback:
venv/lib/python3.12/site-packages/_pytest/python.py:507: in importtestmodule
    mod = import_path(
venv/lib/python3.12/site-packages/_pytest/pathlib.py:587: in import_path
    importlib.import_module(module_name)
/usr/lib/python3.12/importlib/__init__.py:90: in import_module
    return _bootstrap._gcd_import(name[level:], package, level)
           ^^^^^^^^^^^^^^^^^^^^^^^^^^^^^^^^^^^^^^^^^^^^^^^^^^^^
<frozen importlib._bootstrap>:1387: in _gcd_import
    ???
<frozen importlib._bootstrap>:1360: in _find_and_load
    ???
<frozen importlib._bootstrap>:1331: in _find_and_load_unlocked
    ???
<frozen importlib._bootstrap>:935: in _load_unlocked
    ???
venv/lib/python3.12/site-packages/_pytest/assertion/rewrite.py:197: in exec_module
    exec(co, module.__dict__)
tests/unit/config/test_dialect_config.py:8: in <module>
    from lineage_v3.config.dialect_config import (
E   ModuleNotFoundError: No module named 'lineage_v3'[0m
[31m[1m_____________ ERROR collecting tests/unit/config/test_settings.py ______________[0m
[31mImportError while importing test module '/home/chris/data_lineage/tests/unit/config/test_settings.py'.
Hint: make sure your test modules/packages have valid Python names.
Traceback:
venv/lib/python3.12/site-packages/_pytest/python.py:507: in importtestmodule
    mod = import_path(
venv/lib/python3.12/site-packages/_pytest/pathlib.py:587: in import_path
    importlib.import_module(module_name)
/usr/lib/python3.12/importlib/__init__.py:90: in import_module
    return _bootstrap._gcd_import(name[level:], package, level)
           ^^^^^^^^^^^^^^^^^^^^^^^^^^^^^^^^^^^^^^^^^^^^^^^^^^^^
<frozen importlib._bootstrap>:1387: in _gcd_import
    ???
<frozen importlib._bootstrap>:1360: in _find_and_load
    ???
<frozen importlib._bootstrap>:1331: in _find_and_load_unlocked
    ???
<frozen importlib._bootstrap>:935: in _load_unlocked
    ???
venv/lib/python3.12/site-packages/_pytest/assertion/rewrite.py:197: in exec_module
    exec(co, module.__dict__)
tests/unit/config/test_settings.py:9: in <module>
    from lineage_v3.config.settings import Settings
E   ModuleNotFoundError: No module named 'lineage_v3'[0m
[31m[1m____________ ERROR collecting tests/unit/dialects/test_dialects.py _____________[0m
[31mImportError while importing test module '/home/chris/data_lineage/tests/unit/dialects/test_dialects.py'.
Hint: make sure your test modules/packages have valid Python names.
Traceback:
venv/lib/python3.12/site-packages/_pytest/python.py:507: in importtestmodule
    mod = import_path(
venv/lib/python3.12/site-packages/_pytest/pathlib.py:587: in import_path
    importlib.import_module(module_name)
/usr/lib/python3.12/importlib/__init__.py:90: in import_module
    return _bootstrap._gcd_import(name[level:], package, level)
           ^^^^^^^^^^^^^^^^^^^^^^^^^^^^^^^^^^^^^^^^^^^^^^^^^^^^
<frozen importlib._bootstrap>:1387: in _gcd_import
    ???
<frozen importlib._bootstrap>:1360: in _find_and_load
    ???
<frozen importlib._bootstrap>:1331: in _find_and_load_unlocked
    ???
<frozen importlib._bootstrap>:935: in _load_unlocked
    ???
venv/lib/python3.12/site-packages/_pytest/assertion/rewrite.py:197: in exec_module
    exec(co, module.__dict__)
tests/unit/dialects/test_dialects.py:16: in <module>
    from lineage_v3.config.dialect_config import SQLDialect
E   ModuleNotFoundError: No module named 'lineage_v3'[0m
[31m[1m___________ ERROR collecting tests/unit/test_comment_hints_parser.py ___________[0m
[31mImportError while importing test module '/home/chris/data_lineage/tests/unit/test_comment_hints_parser.py'.
Hint: make sure your test modules/packages have valid Python names.
Traceback:
venv/lib/python3.12/site-packages/_pytest/python.py:507: in importtestmodule
    mod = import_path(
venv/lib/python3.12/site-packages/_pytest/pathlib.py:587: in import_path
    importlib.import_module(module_name)
/usr/lib/python3.12/importlib/__init__.py:90: in import_module
    return _bootstrap._gcd_import(name[level:], package, level)
           ^^^^^^^^^^^^^^^^^^^^^^^^^^^^^^^^^^^^^^^^^^^^^^^^^^^^
<frozen importlib._bootstrap>:1387: in _gcd_import
    ???
<frozen importlib._bootstrap>:1360: in _find_and_load
    ???
<frozen importlib._bootstrap>:1331: in _find_and_load_unlocked
    ???
<frozen importlib._bootstrap>:935: in _load_unlocked
    ???
venv/lib/python3.12/site-packages/_pytest/assertion/rewrite.py:197: in exec_module
    exec(co, module.__dict__)
tests/unit/test_comment_hints_parser.py:12: in <module>
    from lineage_v3.parsers.comment_hints_parser import CommentHintsParser
E   ModuleNotFoundError: No module named 'lineage_v3'[0m
[31m[1m___________ ERROR collecting tests/unit/test_parser_golden_cases.py ____________[0m
[31mImportError while importing test module '/home/chris/data_lineage/tests/unit/test_parser_golden_cases.py'.
Hint: make sure your test modules/packages have valid Python names.
Traceback:
venv/lib/python3.12/site-packages/_pytest/python.py:507: in importtestmodule
    mod = import_path(
venv/lib/python3.12/site-packages/_pytest/pathlib.py:587: in import_path
    importlib.import_module(module_name)
/usr/lib/python3.12/importlib/__init__.py:90: in import_module
    return _bootstrap._gcd_import(name[level:], package, level)
           ^^^^^^^^^^^^^^^^^^^^^^^^^^^^^^^^^^^^^^^^^^^^^^^^^^^^
<frozen importlib._bootstrap>:1387: in _gcd_import
    ???
<frozen importlib._bootstrap>:1360: in _find_and_load
    ???
<frozen importlib._bootstrap>:1331: in _find_and_load_unlocked
    ???
<frozen importlib._bootstrap>:935: in _load_unlocked
    ???
venv/lib/python3.12/site-packages/_pytest/assertion/rewrite.py:197: in exec_module
    exec(co, module.__dict__)
tests/unit/test_parser_golden_cases.py:17: in <module>
    from lineage_v3.core.duckdb_workspace import DuckDBWorkspace
E   ModuleNotFoundError: No module named 'lineage_v3'[0m
[36m[1m=========================== short test summary info ============================[0m
[31mERROR[0m tests/api/test_main_api.py - RuntimeError: The starlette.testclient module requires the httpx package to be installed.
You can install this with:
    $ pip install httpx
[31mERROR[0m tests/integration/test_database_validation.py
[31mERROR[0m tests/integration/test_postgres_mock.py
[31mERROR[0m tests/integration/test_sp_parsing_details.py
[31mERROR[0m tests/integration/test_synapse_integration.py
[31mERROR[0m tests/unit/config/test_dialect_config.py
[31mERROR[0m tests/unit/config/test_settings.py
[31mERROR[0m tests/unit/dialects/test_dialects.py
[31mERROR[0m tests/unit/test_comment_hints_parser.py
[31mERROR[0m tests/unit/test_parser_golden_cases.py
!!!!!!!!!!!!!!!!!!! Interrupted: 10 errors during collection !!!!!!!!!!!!!!!!!!!
[31m============================== [31m[1m10 errors[0m[31m in 0.77s[0m[31m ==============================[0m
